
 вӣ…пёҸ wrangler 4.95.0
в”Җв”Җв”Җв”Җв”Җв”Җв”Җв”Җв”Җв”Җв”Җв”Җв”Җв”Җв”Җв”Җв”Җв”Җв”Җ
вҺ” Starting local server...
[wrangler:info] Ready on http://localhost:8787
[wrangler:info] GET / 200 OK (17ms)
[wrangler:info] POST /api/proxyFetch 200 OK (425ms)
[wrangler:info] GET / 200 OK (8ms)
[wrangler:info] POST /api/proxyFetch 200 OK (314ms)
вҺ” Reloading local server...
вҺ” Local server updated and ready
[wrangler:info] GET / 200 OK (46ms)
[wrangler:info] POST /api/proxyFetch 200 OK (803ms)
вҺ” Reloading local server...
вҺ” Local server updated and ready
вҺ” Reloading local server...
вҺ” Local server updated and ready
вҺ” Reloading local server...
вҺ” Local server updated and ready
вҺ” Reloading local server...
вҺ” Local server updated and ready
[31mвңҳ [41;31m[[41;97mERROR[41;31m][0m [1mBuild failed with 1 error:[0m

  [31mвңҳ [41;31m[[41;97mERROR[41;31m][0m [1mExpected ";" but found "Are"[0m

      boboy.js:5352:26:
  [37m      5352 в”Ӯ             if (!confirm(`[32mAre[37m you sure you want to delete deploy...
             в”Ӯ                           [32m~~~[37m
             в•ө                           [32m;[0m




вҺ” Reloading local server...
вҺ” Local server updated and ready
